[2011-11-08 10:53:01] request.ERROR: Symfony\Component\HttpKernel\Exception\NotFoundHttpException: No route found for "GET /" (uncaught exception) at /var/www/rbwords2/vendor/symfony/src/Symfony/Bundle/FrameworkBundle/EventListener/RouterListener.php line 84 [] []
[2011-11-08 10:53:03] request.ERROR: Symfony\Component\HttpKernel\Exception\NotFoundHttpException: No route found for "GET /" (uncaught exception) at /var/www/rbwords2/app/cache/prod/classes.php line 4543 [] []
[2011-11-08 11:06:31] request.ERROR: Symfony\Component\HttpKernel\Exception\NotFoundHttpException: No route found for "GET /" (uncaught exception) at /var/www/rbwords2/app/cache/prod/classes.php line 4543 [] []
[2011-11-08 11:21:17] request.ERROR: Symfony\Component\HttpKernel\Exception\NotFoundHttpException: No route found for "GET /js/script.js" (uncaught exception) at /var/www/rbwords2/app/cache/prod/classes.php line 4543 [] []
[2011-11-08 11:21:17] request.ERROR: Symfony\Component\HttpKernel\Exception\NotFoundHttpException: No route found for "GET /js/script.js" (uncaught exception) at /var/www/rbwords2/app/cache/prod/classes.php line 4543 [] []
[2011-11-08 11:21:17] request.ERROR: Symfony\Component\HttpKernel\Exception\NotFoundHttpException: No route found for "GET /js/script.js" (uncaught exception) at /var/www/rbwords2/app/cache/prod/classes.php line 4543 [] []
[2011-11-08 11:21:18] request.ERROR: Symfony\Component\HttpKernel\Exception\NotFoundHttpException: No route found for "GET /js/script.js" (uncaught exception) at /var/www/rbwords2/app/cache/prod/classes.php line 4543 [] []
[2011-11-08 12:57:48] request.ERROR: Symfony\Component\HttpKernel\Exception\NotFoundHttpException: No route found for "GET /js/script.js" (uncaught exception) at /var/www/rbwords2/app/cache/prod/classes.php line 4543 [] []
[2011-11-08 12:57:49] request.ERROR: Symfony\Component\HttpKernel\Exception\NotFoundHttpException: No route found for "GET /js/script.js" (uncaught exception) at /var/www/rbwords2/app/cache/prod/classes.php line 4543 [] []
[2011-11-08 12:57:50] request.ERROR: Symfony\Component\HttpKernel\Exception\NotFoundHttpException: No route found for "GET /images/title2.jpg" (uncaught exception) at /var/www/rbwords2/app/cache/prod/classes.php line 4543 [] []
[2011-11-08 12:59:18] request.ERROR: Symfony\Component\HttpKernel\Exception\NotFoundHttpException: No route found for "GET /js/script.js" (uncaught exception) at /var/www/rbwords2/app/cache/prod/classes.php line 4543 [] []
[2011-11-08 12:59:18] request.ERROR: Symfony\Component\HttpKernel\Exception\NotFoundHttpException: No route found for "GET /js/script.js" (uncaught exception) at /var/www/rbwords2/app/cache/prod/classes.php line 4543 [] []
[2011-11-08 12:59:18] request.ERROR: Symfony\Component\HttpKernel\Exception\NotFoundHttpException: No route found for "GET /js/script.js" (uncaught exception) at /var/www/rbwords2/app/cache/prod/classes.php line 4543 [] []
[2011-11-08 12:59:21] request.ERROR: Symfony\Component\HttpKernel\Exception\NotFoundHttpException: No route found for "GET /js/script.js" (uncaught exception) at /var/www/rbwords2/app/cache/prod/classes.php line 4543 [] []
[2011-11-08 12:59:21] request.ERROR: Symfony\Component\HttpKernel\Exception\NotFoundHttpException: No route found for "GET /css/images/title2.jpg" (uncaught exception) at /var/www/rbwords2/app/cache/prod/classes.php line 4543 [] []
[2011-11-08 12:59:42] request.ERROR: Symfony\Component\HttpKernel\Exception\NotFoundHttpException: No route found for "GET /js/script.js" (uncaught exception) at /var/www/rbwords2/app/cache/prod/classes.php line 4543 [] []
[2011-11-08 12:59:43] request.ERROR: Symfony\Component\HttpKernel\Exception\NotFoundHttpException: No route found for "GET /css/images/title2.jpg" (uncaught exception) at /var/www/rbwords2/app/cache/prod/classes.php line 4543 [] []
[2011-11-08 12:59:53] request.ERROR: Symfony\Component\HttpKernel\Exception\NotFoundHttpException: No route found for "GET /js/script.js" (uncaught exception) at /var/www/rbwords2/app/cache/prod/classes.php line 4543 [] []
[2011-11-08 12:59:54] request.ERROR: Symfony\Component\HttpKernel\Exception\NotFoundHttpException: No route found for "GET /css/images/title2.jpg" (uncaught exception) at /var/www/rbwords2/app/cache/prod/classes.php line 4543 [] []
[2011-11-08 13:00:19] request.ERROR: Symfony\Component\HttpKernel\Exception\NotFoundHttpException: No route found for "GET /js/script.js" (uncaught exception) at /var/www/rbwords2/app/cache/prod/classes.php line 4543 [] []
[2011-11-08 13:00:21] request.ERROR: Symfony\Component\HttpKernel\Exception\NotFoundHttpException: No route found for "GET /css/images/title2.jpg" (uncaught exception) at /var/www/rbwords2/app/cache/prod/classes.php line 4543 [] []
[2011-11-08 13:00:24] request.ERROR: Symfony\Component\HttpKernel\Exception\NotFoundHttpException: No route found for "GET /js/script.js" (uncaught exception) at /var/www/rbwords2/app/cache/prod/classes.php line 4543 [] []
[2011-11-08 13:00:26] request.ERROR: Symfony\Component\HttpKernel\Exception\NotFoundHttpException: No route found for "GET /css/images/title2.jpg" (uncaught exception) at /var/www/rbwords2/app/cache/prod/classes.php line 4543 [] []
[2011-11-08 13:01:05] request.ERROR: Symfony\Component\HttpKernel\Exception\NotFoundHttpException: No route found for "GET /js/script.js" (uncaught exception) at /var/www/rbwords2/app/cache/prod/classes.php line 4543 [] []
[2011-11-08 13:01:06] request.ERROR: Symfony\Component\HttpKernel\Exception\NotFoundHttpException: No route found for "GET /css/images/title2.jpg" (uncaught exception) at /var/www/rbwords2/app/cache/prod/classes.php line 4543 [] []
[2011-11-08 13:01:19] request.ERROR: Symfony\Component\HttpKernel\Exception\NotFoundHttpException: No route found for "GET /js/script.js" (uncaught exception) at /var/www/rbwords2/app/cache/prod/classes.php line 4543 [] []
[2011-11-08 13:01:20] request.ERROR: Symfony\Component\HttpKernel\Exception\NotFoundHttpException: No route found for "GET /css/images/title2.jpg" (uncaught exception) at /var/www/rbwords2/app/cache/prod/classes.php line 4543 [] []
[2011-11-08 13:02:38] request.ERROR: Symfony\Component\HttpKernel\Exception\NotFoundHttpException: No route found for "GET /js/script.js" (uncaught exception) at /var/www/rbwords2/app/cache/prod/classes.php line 4543 [] []
[2011-11-08 13:02:39] request.ERROR: Symfony\Component\HttpKernel\Exception\NotFoundHttpException: No route found for "GET /css/images/title2.jpg" (uncaught exception) at /var/www/rbwords2/app/cache/prod/classes.php line 4543 [] []
[2011-11-08 13:02:54] request.ERROR: Symfony\Component\HttpKernel\Exception\NotFoundHttpException: No route found for "GET /js/script.js" (uncaught exception) at /var/www/rbwords2/app/cache/prod/classes.php line 4543 [] []
[2011-11-08 13:02:55] request.ERROR: Symfony\Component\HttpKernel\Exception\NotFoundHttpException: No route found for "GET /css/images/title2.jpg" (uncaught exception) at /var/www/rbwords2/app/cache/prod/classes.php line 4543 [] []
[2011-11-08 13:03:22] request.ERROR: Symfony\Component\HttpKernel\Exception\NotFoundHttpException: No route found for "GET /js/script.js" (uncaught exception) at /var/www/rbwords2/app/cache/prod/classes.php line 4543 [] []
[2011-11-08 13:03:24] request.ERROR: Symfony\Component\HttpKernel\Exception\NotFoundHttpException: No route found for "GET /css/images/title2.jpg" (uncaught exception) at /var/www/rbwords2/app/cache/prod/classes.php line 4543 [] []
[2011-11-08 13:03:39] request.ERROR: Symfony\Component\HttpKernel\Exception\NotFoundHttpException: No route found for "GET /js/script.js" (uncaught exception) at /var/www/rbwords2/app/cache/prod/classes.php line 4543 [] []
[2011-11-08 13:03:41] request.ERROR: Symfony\Component\HttpKernel\Exception\NotFoundHttpException: No route found for "GET /css/images/title2.jpg" (uncaught exception) at /var/www/rbwords2/app/cache/prod/classes.php line 4543 [] []
[2011-11-08 13:03:58] request.ERROR: Symfony\Component\HttpKernel\Exception\NotFoundHttpException: No route found for "GET /js/script.js" (uncaught exception) at /var/www/rbwords2/app/cache/prod/classes.php line 4543 [] []
[2011-11-08 13:03:59] request.ERROR: Symfony\Component\HttpKernel\Exception\NotFoundHttpException: No route found for "GET /css/images/title2.jpg" (uncaught exception) at /var/www/rbwords2/app/cache/prod/classes.php line 4543 [] []
[2011-11-08 13:17:20] request.ERROR: Symfony\Component\HttpKernel\Exception\NotFoundHttpException: No route found for "GET /js/script.js" (uncaught exception) at /var/www/rbwords2/app/cache/prod/classes.php line 4543 [] []
[2011-11-08 13:17:20] request.ERROR: Symfony\Component\HttpKernel\Exception\NotFoundHttpException: No route found for "GET /js/script.js" (uncaught exception) at /var/www/rbwords2/app/cache/prod/classes.php line 4543 [] []
[2011-11-08 13:17:21] request.ERROR: Symfony\Component\HttpKernel\Exception\NotFoundHttpException: No route found for "GET /images/title2.jpg" (uncaught exception) at /var/www/rbwords2/app/cache/prod/classes.php line 4543 [] []
[2011-11-08 13:17:35] request.ERROR: Symfony\Component\HttpKernel\Exception\NotFoundHttpException: No route found for "GET /images/title2.jpg" (uncaught exception) at /var/www/rbwords2/app/cache/prod/classes.php line 4543 [] []
[2011-11-08 13:19:05] request.ERROR: Symfony\Component\HttpKernel\Exception\NotFoundHttpException: No route found for "GET /js/script.js" (uncaught exception) at /var/www/rbwords2/app/cache/prod/classes.php line 4543 [] []
[2011-11-08 13:19:05] request.ERROR: Symfony\Component\HttpKernel\Exception\NotFoundHttpException: No route found for "GET /js/script.js" (uncaught exception) at /var/www/rbwords2/app/cache/prod/classes.php line 4543 [] []
[2011-11-08 13:19:05] request.ERROR: Symfony\Component\HttpKernel\Exception\NotFoundHttpException: No route found for "GET /js/script.js" (uncaught exception) at /var/www/rbwords2/app/cache/prod/classes.php line 4543 [] []
[2011-11-08 13:19:06] request.ERROR: Symfony\Component\HttpKernel\Exception\NotFoundHttpException: No route found for "GET /js/script.js" (uncaught exception) at /var/www/rbwords2/app/cache/prod/classes.php line 4543 [] []
[2011-11-08 13:19:06] request.ERROR: Symfony\Component\HttpKernel\Exception\NotFoundHttpException: No route found for "GET /css/images/title2.jpg" (uncaught exception) at /var/www/rbwords2/app/cache/prod/classes.php line 4543 [] []
[2011-11-08 13:19:15] request.ERROR: Symfony\Component\HttpKernel\Exception\NotFoundHttpException: No route found for "GET /css/images/title2.jpg" (uncaught exception) at /var/www/rbwords2/app/cache/prod/classes.php line 4543 [] []
[2011-11-08 14:55:22] request.ERROR: Symfony\Component\HttpKernel\Exception\NotFoundHttpException: No route found for "GET /js/script.js" (uncaught exception) at /var/www/rbwords2/app/cache/prod/classes.php line 4543 [] []
[2011-11-08 14:55:22] request.ERROR: Symfony\Component\HttpKernel\Exception\NotFoundHttpException: No route found for "GET /js/script.js" (uncaught exception) at /var/www/rbwords2/app/cache/prod/classes.php line 4543 [] []
[2011-11-08 14:55:22] request.ERROR: Symfony\Component\HttpKernel\Exception\NotFoundHttpException: No route found for "GET /js/script.js" (uncaught exception) at /var/www/rbwords2/app/cache/prod/classes.php line 4543 [] []
[2011-11-08 14:55:50] request.ERROR: Symfony\Component\HttpKernel\Exception\NotFoundHttpException: No route found for "GET /js/script.js" (uncaught exception) at /var/www/rbwords2/app/cache/prod/classes.php line 4543 [] []
[2011-11-08 14:55:51] request.ERROR: Symfony\Component\HttpKernel\Exception\NotFoundHttpException: No route found for "GET /css/images/title2.jpg" (uncaught exception) at /var/www/rbwords2/app/cache/prod/classes.php line 4543 [] []
[2011-11-08 14:56:10] request.ERROR: Symfony\Component\HttpKernel\Exception\NotFoundHttpException: No route found for "GET /css/images/title2.jpg" (uncaught exception) at /var/www/rbwords2/app/cache/prod/classes.php line 4543 [] []
[2011-11-08 14:56:29] request.ERROR: Symfony\Component\HttpKernel\Exception\NotFoundHttpException: No route found for "GET /js/script.js" (uncaught exception) at /var/www/rbwords2/app/cache/prod/classes.php line 4543 [] []
[2011-11-08 14:56:31] request.ERROR: Symfony\Component\HttpKernel\Exception\NotFoundHttpException: No route found for "GET /css/images/title2.jpg" (uncaught exception) at /var/www/rbwords2/app/cache/prod/classes.php line 4543 [] []
[2011-11-08 14:56:39] request.ERROR: Symfony\Component\HttpKernel\Exception\NotFoundHttpException: No route found for "GET /js/script.js" (uncaught exception) at /var/www/rbwords2/app/cache/prod/classes.php line 4543 [] []
[2011-11-08 14:56:40] request.ERROR: Symfony\Component\HttpKernel\Exception\NotFoundHttpException: No route found for "GET /css/images/title2.jpg" (uncaught exception) at /var/www/rbwords2/app/cache/prod/classes.php line 4543 [] []
[2011-11-08 14:56:46] request.ERROR: Symfony\Component\HttpKernel\Exception\NotFoundHttpException: No route found for "GET /js/script.js" (uncaught exception) at /var/www/rbwords2/app/cache/prod/classes.php line 4543 [] []
[2011-11-08 14:56:46] request.ERROR: Symfony\Component\HttpKernel\Exception\NotFoundHttpException: No route found for "GET /css/images/title2.jpg" (uncaught exception) at /var/www/rbwords2/app/cache/prod/classes.php line 4543 [] []
[2011-11-08 14:56:56] request.ERROR: Symfony\Component\HttpKernel\Exception\NotFoundHttpException: No route found for "GET /css/.images/title2.jpg" (uncaught exception) at /var/www/rbwords2/app/cache/prod/classes.php line 4543 [] []
[2011-11-08 14:56:56] request.ERROR: Symfony\Component\HttpKernel\Exception\NotFoundHttpException: No route found for "GET /css/..images/title2.jpg" (uncaught exception) at /var/www/rbwords2/app/cache/prod/classes.php line 4543 [] []
[2011-11-08 14:56:57] request.ERROR: Symfony\Component\HttpKernel\Exception\NotFoundHttpException: No route found for "GET /images/title2.jpg" (uncaught exception) at /var/www/rbwords2/app/cache/prod/classes.php line 4543 [] []
[2011-11-08 14:56:57] request.ERROR: Symfony\Component\HttpKernel\Exception\NotFoundHttpException: No route found for "GET /mages/title2.jpg" (uncaught exception) at /var/www/rbwords2/app/cache/prod/classes.php line 4543 [] []
[2011-11-08 14:56:57] request.ERROR: Symfony\Component\HttpKernel\Exception\NotFoundHttpException: No route found for "GET /ages/title2.jpg" (uncaught exception) at /var/www/rbwords2/app/cache/prod/classes.php line 4543 [] []
[2011-11-08 14:56:57] request.ERROR: Symfony\Component\HttpKernel\Exception\NotFoundHttpException: No route found for "GET /ges/title2.jpg" (uncaught exception) at /var/www/rbwords2/app/cache/prod/classes.php line 4543 [] []
[2011-11-08 14:56:58] request.ERROR: Symfony\Component\HttpKernel\Exception\NotFoundHttpException: No route found for "GET /es/title2.jpg" (uncaught exception) at /var/www/rbwords2/app/cache/prod/classes.php line 4543 [] []
[2011-11-08 14:56:58] request.ERROR: Symfony\Component\HttpKernel\Exception\NotFoundHttpException: No route found for "GET /s/title2.jpg" (uncaught exception) at /var/www/rbwords2/app/cache/prod/classes.php line 4543 [] []
[2011-11-08 14:56:58] request.ERROR: Symfony\Component\HttpKernel\Exception\NotFoundHttpException: No route found for "GET //title2.jpg" (uncaught exception) at /var/www/rbwords2/app/cache/prod/classes.php line 4543 [] []
[2011-11-08 14:56:59] request.ERROR: Symfony\Component\HttpKernel\Exception\NotFoundHttpException: No route found for "GET /i/title2.jpg" (uncaught exception) at /var/www/rbwords2/app/cache/prod/classes.php line 4543 [] []
[2011-11-08 14:56:59] request.ERROR: Symfony\Component\HttpKernel\Exception\NotFoundHttpException: No route found for "GET /im/title2.jpg" (uncaught exception) at /var/www/rbwords2/app/cache/prod/classes.php line 4543 [] []
[2011-11-08 14:56:59] request.ERROR: Symfony\Component\HttpKernel\Exception\NotFoundHttpException: No route found for "GET /img/title2.jpg" (uncaught exception) at /var/www/rbwords2/app/cache/prod/classes.php line 4543 [] []
[2011-11-08 14:56:59] request.ERROR: Symfony\Component\HttpKernel\Exception\NotFoundHttpException: No route found for "GET /img/title2.jpg" (uncaught exception) at /var/www/rbwords2/app/cache/prod/classes.php line 4543 [] []
[2011-11-08 14:57:03] request.ERROR: Symfony\Component\HttpKernel\Exception\NotFoundHttpException: No route found for "GET /img/title2.jpg" (uncaught exception) at /var/www/rbwords2/app/cache/prod/classes.php line 4543 [] []
[2011-11-08 14:57:04] request.ERROR: Symfony\Component\HttpKernel\Exception\NotFoundHttpException: No route found for "GET /img/title2.jpg" (uncaught exception) at /var/www/rbwords2/app/cache/prod/classes.php line 4543 [] []
[2011-11-08 14:57:04] request.ERROR: Symfony\Component\HttpKernel\Exception\NotFoundHttpException: No route found for "GET /img/title2.jpg" (uncaught exception) at /var/www/rbwords2/app/cache/prod/classes.php line 4543 [] []
[2011-11-08 14:57:05] request.ERROR: Symfony\Component\HttpKernel\Exception\NotFoundHttpException: No route found for "GET /img/title2.jpg" (uncaught exception) at /var/www/rbwords2/app/cache/prod/classes.php line 4543 [] []
[2011-11-08 14:57:05] request.ERROR: Symfony\Component\HttpKernel\Exception\NotFoundHttpException: No route found for "GET /img/title2.jpg" (uncaught exception) at /var/www/rbwords2/app/cache/prod/classes.php line 4543 [] []
[2011-11-08 14:57:06] request.ERROR: Symfony\Component\HttpKernel\Exception\NotFoundHttpException: No route found for "GET /img/title2.jpg" (uncaught exception) at /var/www/rbwords2/app/cache/prod/classes.php line 4543 [] []
[2011-11-08 14:57:06] request.ERROR: Symfony\Component\HttpKernel\Exception\NotFoundHttpException: No route found for "GET /img/title2.jpg" (uncaught exception) at /var/www/rbwords2/app/cache/prod/classes.php line 4543 [] []
[2011-11-08 14:57:06] request.ERROR: Symfony\Component\HttpKernel\Exception\NotFoundHttpException: No route found for "GET /img/title2.jpg" (uncaught exception) at /var/www/rbwords2/app/cache/prod/classes.php line 4543 [] []
[2011-11-08 14:57:07] request.ERROR: Symfony\Component\HttpKernel\Exception\NotFoundHttpException: No route found for "GET /img/title2.jpg" (uncaught exception) at /var/www/rbwords2/app/cache/prod/classes.php line 4543 [] []
[2011-11-08 14:57:07] request.ERROR: Symfony\Component\HttpKernel\Exception\NotFoundHttpException: No route found for "GET /img/title2.jpg" (uncaught exception) at /var/www/rbwords2/app/cache/prod/classes.php line 4543 [] []
[2011-11-08 14:57:08] request.ERROR: Symfony\Component\HttpKernel\Exception\NotFoundHttpException: No route found for "GET /img/title2.jpg" (uncaught exception) at /var/www/rbwords2/app/cache/prod/classes.php line 4543 [] []
[2011-11-08 14:57:17] request.ERROR: Symfony\Component\HttpKernel\Exception\NotFoundHttpException: No route found for "GET /js/script.js" (uncaught exception) at /var/www/rbwords2/app/cache/prod/classes.php line 4543 [] []
[2011-11-08 14:57:18] request.ERROR: Symfony\Component\HttpKernel\Exception\NotFoundHttpException: No route found for "GET /css/images/title2.jpg" (uncaught exception) at /var/www/rbwords2/app/cache/prod/classes.php line 4543 [] []
[2011-11-08 14:57:40] request.ERROR: Symfony\Component\HttpKernel\Exception\NotFoundHttpException: No route found for "GET /js/script.js" (uncaught exception) at /var/www/rbwords2/app/cache/prod/classes.php line 4543 [] []
[2011-11-08 14:57:42] request.ERROR: Symfony\Component\HttpKernel\Exception\NotFoundHttpException: No route found for "GET /css/images/title2.jpg" (uncaught exception) at /var/www/rbwords2/app/cache/prod/classes.php line 4543 [] []
[2011-11-08 14:58:09] request.ERROR: Symfony\Component\HttpKernel\Exception\NotFoundHttpException: No route found for "GET /js/script.js" (uncaught exception) at /var/www/rbwords2/app/cache/prod/classes.php line 4543 [] []
[2011-11-08 14:58:48] request.ERROR: Symfony\Component\HttpKernel\Exception\NotFoundHttpException: No route found for "GET /css/images/title2.jpg" (uncaught exception) at /var/www/rbwords2/app/cache/prod/classes.php line 4543 [] []
[2011-11-08 14:59:03] request.ERROR: Symfony\Component\HttpKernel\Exception\NotFoundHttpException: No route found for "GET /js/script.js" (uncaught exception) at /var/www/rbwords2/app/cache/prod/classes.php line 4543 [] []
[2011-11-08 14:59:04] request.ERROR: Symfony\Component\HttpKernel\Exception\NotFoundHttpException: No route found for "GET /css/images/title2.jpg" (uncaught exception) at /var/www/rbwords2/app/cache/prod/classes.php line 4543 [] []
[2011-11-08 14:59:13] request.ERROR: Symfony\Component\HttpKernel\Exception\NotFoundHttpException: No route found for "GET /css/images/title2.jpg" (uncaught exception) at /var/www/rbwords2/app/cache/prod/classes.php line 4543 [] []
[2011-11-08 14:59:13] request.ERROR: Symfony\Component\HttpKernel\Exception\NotFoundHttpException: No route found for "GET /css/images/title2.jpg" (uncaught exception) at /var/www/rbwords2/app/cache/prod/classes.php line 4543 [] []
[2011-11-08 14:59:14] request.ERROR: Symfony\Component\HttpKernel\Exception\NotFoundHttpException: No route found for "GET /css/images/title2.jpg" (uncaught exception) at /var/www/rbwords2/app/cache/prod/classes.php line 4543 [] []
[2011-11-08 14:59:15] request.ERROR: Symfony\Component\HttpKernel\Exception\NotFoundHttpException: No route found for "GET /css/images/title2.jpg" (uncaught exception) at /var/www/rbwords2/app/cache/prod/classes.php line 4543 [] []
[2011-11-08 14:59:15] request.ERROR: Symfony\Component\HttpKernel\Exception\NotFoundHttpException: No route found for "GET /css/images/title2.jpg" (uncaught exception) at /var/www/rbwords2/app/cache/prod/classes.php line 4543 [] []
[2011-11-08 14:59:15] request.ERROR: Symfony\Component\HttpKernel\Exception\NotFoundHttpException: No route found for "GET /css/images/title2.jpg" (uncaught exception) at /var/www/rbwords2/app/cache/prod/classes.php line 4543 [] []
[2011-11-08 14:59:16] request.ERROR: Symfony\Component\HttpKernel\Exception\NotFoundHttpException: No route found for "GET /css/images/title2.jpg" (uncaught exception) at /var/www/rbwords2/app/cache/prod/classes.php line 4543 [] []
[2011-11-08 14:59:16] request.ERROR: Symfony\Component\HttpKernel\Exception\NotFoundHttpException: No route found for "GET /css/images/title2.jpg" (uncaught exception) at /var/www/rbwords2/app/cache/prod/classes.php line 4543 [] []
[2011-11-08 14:59:16] request.ERROR: Symfony\Component\HttpKernel\Exception\NotFoundHttpException: No route found for "GET /css/images/title2.jpg" (uncaught exception) at /var/www/rbwords2/app/cache/prod/classes.php line 4543 [] []
[2011-11-08 14:59:17] request.ERROR: Symfony\Component\HttpKernel\Exception\NotFoundHttpException: No route found for "GET /css/image/title2.jpg" (uncaught exception) at /var/www/rbwords2/app/cache/prod/classes.php line 4543 [] []
[2011-11-08 14:59:17] request.ERROR: Symfony\Component\HttpKernel\Exception\NotFoundHttpException: No route found for "GET /css/imag/title2.jpg" (uncaught exception) at /var/www/rbwords2/app/cache/prod/classes.php line 4543 [] []
[2011-11-08 14:59:17] request.ERROR: Symfony\Component\HttpKernel\Exception\NotFoundHttpException: No route found for "GET /css/ima/title2.jpg" (uncaught exception) at /var/www/rbwords2/app/cache/prod/classes.php line 4543 [] []
[2011-11-08 14:59:17] request.ERROR: Symfony\Component\HttpKernel\Exception\NotFoundHttpException: No route found for "GET /css/im/title2.jpg" (uncaught exception) at /var/www/rbwords2/app/cache/prod/classes.php line 4543 [] []
[2011-11-08 15:01:10] request.ERROR: Symfony\Component\HttpKernel\Exception\NotFoundHttpException: No route found for "GET /js/script.js" (uncaught exception) at /var/www/rbwords2/app/cache/prod/classes.php line 4543 [] []
[2011-11-08 15:01:10] request.ERROR: Symfony\Component\HttpKernel\Exception\NotFoundHttpException: No route found for "GET /js/script.js" (uncaught exception) at /var/www/rbwords2/app/cache/prod/classes.php line 4543 [] []
[2011-11-08 15:01:10] request.ERROR: Symfony\Component\HttpKernel\Exception\NotFoundHttpException: No route found for "GET /js/script.js" (uncaught exception) at /var/www/rbwords2/app/cache/prod/classes.php line 4543 [] []
[2011-11-08 15:01:12] request.ERROR: Symfony\Component\HttpKernel\Exception\NotFoundHttpException: No route found for "GET /js/script.js" (uncaught exception) at /var/www/rbwords2/app/cache/prod/classes.php line 4543 [] []
[2011-11-08 15:01:12] request.ERROR: Symfony\Component\HttpKernel\Exception\NotFoundHttpException: No route found for "GET /css/img/title2.jpg" (uncaught exception) at /var/www/rbwords2/app/cache/prod/classes.php line 4543 [] []
[2011-11-08 15:01:18] request.ERROR: Symfony\Component\HttpKernel\Exception\NotFoundHttpException: No route found for "GET /js/script.js" (uncaught exception) at /var/www/rbwords2/app/cache/prod/classes.php line 4543 [] []
[2011-11-08 15:01:19] request.ERROR: Symfony\Component\HttpKernel\Exception\NotFoundHttpException: No route found for "GET /css/img/title2.jpg" (uncaught exception) at /var/www/rbwords2/app/cache/prod/classes.php line 4543 [] []
[2011-11-08 15:01:26] request.ERROR: Symfony\Component\HttpKernel\Exception\NotFoundHttpException: No route found for "GET /css/img/title2.jpg" (uncaught exception) at /var/www/rbwords2/app/cache/prod/classes.php line 4543 [] []
[2011-11-08 15:01:26] request.ERROR: Symfony\Component\HttpKernel\Exception\NotFoundHttpException: No route found for "GET /css/img/title2.jpg" (uncaught exception) at /var/www/rbwords2/app/cache/prod/classes.php line 4543 [] []
[2011-11-08 15:01:27] request.ERROR: Symfony\Component\HttpKernel\Exception\NotFoundHttpException: No route found for "GET /css/.img/title2.jpg" (uncaught exception) at /var/www/rbwords2/app/cache/prod/classes.php line 4543 [] []
[2011-11-08 15:01:27] request.ERROR: Symfony\Component\HttpKernel\Exception\NotFoundHttpException: No route found for "GET /css/img/title2.jpg" (uncaught exception) at /var/www/rbwords2/app/cache/prod/classes.php line 4543 [] []
[2011-11-08 15:01:28] request.ERROR: Symfony\Component\HttpKernel\Exception\NotFoundHttpException: No route found for "GET /css/.img/title2.jpg" (uncaught exception) at /var/www/rbwords2/app/cache/prod/classes.php line 4543 [] []
[2011-11-08 15:01:28] request.ERROR: Symfony\Component\HttpKernel\Exception\NotFoundHttpException: No route found for "GET /css/img/title2.jpg" (uncaught exception) at /var/www/rbwords2/app/cache/prod/classes.php line 4543 [] []
[2011-11-08 15:01:29] request.ERROR: Symfony\Component\HttpKernel\Exception\NotFoundHttpException: No route found for "GET /css/img/title2.jpg" (uncaught exception) at /var/www/rbwords2/app/cache/prod/classes.php line 4543 [] []
[2011-11-08 15:01:36] request.ERROR: Symfony\Component\HttpKernel\Exception\NotFoundHttpException: No route found for "GET /js/script.js" (uncaught exception) at /var/www/rbwords2/app/cache/prod/classes.php line 4543 [] []
[2011-11-08 15:01:37] request.ERROR: Symfony\Component\HttpKernel\Exception\NotFoundHttpException: No route found for "GET /css/img/title2.jpg" (uncaught exception) at /var/www/rbwords2/app/cache/prod/classes.php line 4543 [] []
[2011-11-08 15:01:44] request.ERROR: Symfony\Component\HttpKernel\Exception\NotFoundHttpException: No route found for "GET /js/script.js" (uncaught exception) at /var/www/rbwords2/app/cache/prod/classes.php line 4543 [] []
[2011-11-08 15:01:45] request.ERROR: Symfony\Component\HttpKernel\Exception\NotFoundHttpException: No route found for "GET /css/img/title2.jpg" (uncaught exception) at /var/www/rbwords2/app/cache/prod/classes.php line 4543 [] []
[2011-11-08 15:01:48] request.ERROR: Symfony\Component\HttpKernel\Exception\NotFoundHttpException: No route found for "GET /js/script.js" (uncaught exception) at /var/www/rbwords2/app/cache/prod/classes.php line 4543 [] []
[2011-11-08 15:01:49] request.ERROR: Symfony\Component\HttpKernel\Exception\NotFoundHttpException: No route found for "GET /css/img/title2.jpg" (uncaught exception) at /var/www/rbwords2/app/cache/prod/classes.php line 4543 [] []
[2011-11-08 15:02:43] request.ERROR: Symfony\Component\HttpKernel\Exception\NotFoundHttpException: No route found for "GET /js/script.js" (uncaught exception) at /var/www/rbwords2/app/cache/prod/classes.php line 4543 [] []
[2011-11-08 15:02:44] request.ERROR: Symfony\Component\HttpKernel\Exception\NotFoundHttpException: No route found for "GET /css/img/title2.jpg" (uncaught exception) at /var/www/rbwords2/app/cache/prod/classes.php line 4543 [] []
[2011-11-08 15:02:52] request.ERROR: Symfony\Component\HttpKernel\Exception\NotFoundHttpException: No route found for "GET /js/script.js" (uncaught exception) at /var/www/rbwords2/app/cache/prod/classes.php line 4543 [] []
[2011-11-08 15:02:53] request.ERROR: Symfony\Component\HttpKernel\Exception\NotFoundHttpException: No route found for "GET /css/img/title2.jpg" (uncaught exception) at /var/www/rbwords2/app/cache/prod/classes.php line 4543 [] []
[2011-11-08 15:02:55] request.ERROR: Symfony\Component\HttpKernel\Exception\NotFoundHttpException: No route found for "GET /js/script.js" (uncaught exception) at /var/www/rbwords2/app/cache/prod/classes.php line 4543 [] []
[2011-11-08 15:02:56] request.ERROR: Symfony\Component\HttpKernel\Exception\NotFoundHttpException: No route found for "GET /css/img/title2.jpg" (uncaught exception) at /var/www/rbwords2/app/cache/prod/classes.php line 4543 [] []
[2011-11-08 15:03:13] request.ERROR: Symfony\Component\HttpKernel\Exception\NotFoundHttpException: No route found for "GET /js/script.js" (uncaught exception) at /var/www/rbwords2/app/cache/prod/classes.php line 4543 [] []
[2011-11-08 15:03:14] request.ERROR: Symfony\Component\HttpKernel\Exception\NotFoundHttpException: No route found for "GET /css/img/title2.jpg" (uncaught exception) at /var/www/rbwords2/app/cache/prod/classes.php line 4543 [] []
[2011-11-08 15:04:26] request.ERROR: Symfony\Component\HttpKernel\Exception\NotFoundHttpException: No route found for "GET /js/script.js" (uncaught exception) at /var/www/rbwords2/app/cache/prod/classes.php line 4543 [] []
[2011-11-08 15:04:27] request.ERROR: Symfony\Component\HttpKernel\Exception\NotFoundHttpException: No route found for "GET /css/img/title2.jpg" (uncaught exception) at /var/www/rbwords2/app/cache/prod/classes.php line 4543 [] []
[2011-11-08 15:04:43] request.ERROR: Symfony\Component\HttpKernel\Exception\NotFoundHttpException: No route found for "GET /js/script.js" (uncaught exception) at /var/www/rbwords2/app/cache/prod/classes.php line 4543 [] []
[2011-11-08 15:04:45] request.ERROR: Symfony\Component\HttpKernel\Exception\NotFoundHttpException: No route found for "GET /css/img/title2.jpg" (uncaught exception) at /var/www/rbwords2/app/cache/prod/classes.php line 4543 [] []
[2011-11-08 15:06:02] request.ERROR: Symfony\Component\HttpKernel\Exception\NotFoundHttpException: No route found for "GET /js/script.js" (uncaught exception) at /var/www/rbwords2/app/cache/prod/classes.php line 4543 [] []
[2011-11-08 15:06:02] request.ERROR: Symfony\Component\HttpKernel\Exception\NotFoundHttpException: No route found for "GET /css/img/title2.jpg" (uncaught exception) at /var/www/rbwords2/app/cache/prod/classes.php line 4543 [] []
[2011-11-08 15:06:10] request.ERROR: Symfony\Component\HttpKernel\Exception\NotFoundHttpException: No route found for "GET /js/script.js" (uncaught exception) at /var/www/rbwords2/app/cache/prod/classes.php line 4543 [] []
[2011-11-08 15:06:11] request.ERROR: Symfony\Component\HttpKernel\Exception\NotFoundHttpException: No route found for "GET /js/script.js" (uncaught exception) at /var/www/rbwords2/app/cache/prod/classes.php line 4543 [] []
[2011-11-08 15:08:03] request.ERROR: Symfony\Component\HttpKernel\Exception\NotFoundHttpException: No route found for "GET /js/script.js" (uncaught exception) at /var/www/rbwords2/app/cache/prod/classes.php line 4543 [] []
[2011-11-08 15:08:06] request.ERROR: Symfony\Component\HttpKernel\Exception\NotFoundHttpException: No route found for "GET /js/script.js" (uncaught exception) at /var/www/rbwords2/app/cache/prod/classes.php line 4543 [] []
[2011-11-08 15:08:10] request.ERROR: Symfony\Component\HttpKernel\Exception\NotFoundHttpException: No route found for "GET /js/script.js" (uncaught exception) at /var/www/rbwords2/app/cache/prod/classes.php line 4543 [] []
[2011-11-08 15:08:25] request.ERROR: Symfony\Component\HttpKernel\Exception\NotFoundHttpException: No route found for "GET /js/script.js" (uncaught exception) at /var/www/rbwords2/app/cache/prod/classes.php line 4543 [] []
[2011-11-08 15:08:40] request.ERROR: Symfony\Component\HttpKernel\Exception\NotFoundHttpException: No route found for "GET /js/script.js" (uncaught exception) at /var/www/rbwords2/app/cache/prod/classes.php line 4543 [] []
[2011-11-08 15:08:48] request.ERROR: Symfony\Component\HttpKernel\Exception\NotFoundHttpException: No route found for "GET /js/script.js" (uncaught exception) at /var/www/rbwords2/app/cache/prod/classes.php line 4543 [] []
[2011-11-08 15:08:57] request.ERROR: Symfony\Component\HttpKernel\Exception\NotFoundHttpException: No route found for "GET /js/script.js" (uncaught exception) at /var/www/rbwords2/app/cache/prod/classes.php line 4543 [] []
[2011-11-08 15:10:41] request.ERROR: Symfony\Component\HttpKernel\Exception\NotFoundHttpException: No route found for "GET /js/script.js" (uncaught exception) at /var/www/rbwords2/app/cache/prod/classes.php line 4543 [] []
[2011-11-08 15:10:56] request.ERROR: Symfony\Component\HttpKernel\Exception\NotFoundHttpException: No route found for "GET /js/script.js" (uncaught exception) at /var/www/rbwords2/app/cache/prod/classes.php line 4543 [] []
[2011-11-08 15:11:19] request.ERROR: Symfony\Component\HttpKernel\Exception\NotFoundHttpException: No route found for "GET /js/script.js" (uncaught exception) at /var/www/rbwords2/app/cache/prod/classes.php line 4543 [] []
[2011-11-08 15:11:28] request.ERROR: Symfony\Component\HttpKernel\Exception\NotFoundHttpException: No route found for "GET /js/script.js" (uncaught exception) at /var/www/rbwords2/app/cache/prod/classes.php line 4543 [] []
[2011-11-08 15:12:33] request.ERROR: Symfony\Component\HttpKernel\Exception\NotFoundHttpException: No route found for "GET /js/script.js" (uncaught exception) at /var/www/rbwords2/app/cache/prod/classes.php line 4543 [] []
[2011-11-08 15:12:35] request.ERROR: Symfony\Component\HttpKernel\Exception\NotFoundHttpException: No route found for "GET /js/script.js" (uncaught exception) at /var/www/rbwords2/app/cache/prod/classes.php line 4543 [] []
[2011-11-08 15:20:40] request.ERROR: Symfony\Component\HttpKernel\Exception\NotFoundHttpException: No route found for "GET /js/script.js" (uncaught exception) at /var/www/rbwords2/app/cache/prod/classes.php line 4543 [] []
[2011-11-08 15:20:40] request.ERROR: Symfony\Component\HttpKernel\Exception\NotFoundHttpException: No route found for "GET /js/script.js" (uncaught exception) at /var/www/rbwords2/app/cache/prod/classes.php line 4543 [] []
[2011-11-08 15:20:40] request.ERROR: Symfony\Component\HttpKernel\Exception\NotFoundHttpException: No route found for "GET /js/script.js" (uncaught exception) at /var/www/rbwords2/app/cache/prod/classes.php line 4543 [] []
[2011-11-08 15:20:40] request.ERROR: Symfony\Component\HttpKernel\Exception\NotFoundHttpException: No route found for "GET /js/script.js" (uncaught exception) at /var/www/rbwords2/app/cache/prod/classes.php line 4543 [] []
[2011-11-08 15:30:56] request.ERROR: Symfony\Component\HttpKernel\Exception\NotFoundHttpException: No route found for "GET /js/script.js" (uncaught exception) at /var/www/rbwords2/app/cache/prod/classes.php line 4543 [] []
[2011-11-08 15:30:56] request.ERROR: Symfony\Component\HttpKernel\Exception\NotFoundHttpException: No route found for "GET /js/script.js" (uncaught exception) at /var/www/rbwords2/app/cache/prod/classes.php line 4543 [] []
[2011-11-08 15:30:56] request.ERROR: Symfony\Component\HttpKernel\Exception\NotFoundHttpException: No route found for "GET /js/script.js" (uncaught exception) at /var/www/rbwords2/app/cache/prod/classes.php line 4543 [] []
[2011-11-08 15:30:57] request.ERROR: Symfony\Component\HttpKernel\Exception\NotFoundHttpException: No route found for "GET /js/script.js" (uncaught exception) at /var/www/rbwords2/app/cache/prod/classes.php line 4543 [] []
